<?xml version="1.0" encoding="UTF-8"?>
<!-- Generated by org.testng.reporters.JUnitReportReporter -->
<testsuite skipped="0" hostname="DESKTOP-SRK8LMS" name="com.sociproj.test.MySociTest" tests="1" failures="0" timestamp="23 Sep 2017 06:22:50 GMT" time="63.146" errors="0">
  <testcase name="sociTest" time="63.146" classname="com.sociproj.test.MySociTest"/>
</testsuite> <!-- com.sociproj.test.MySociTest -->
